[11:38:20.604] [INFO] Storybook Upgrade - v10.0.8
[11:38:20.621] [INFO] detect-projects-spinner-start: Detecting projects...
[11:38:20.623] [DEBUG] Finding Storybook projects...
[11:38:20.909] [DEBUG] Found 1 Storybook projects
[11:38:20.910] [INFO] detect-projects-spinner: Detecting projects: 1 projects
[11:38:20.910] [DEBUG] Getting Storybook data...
[11:38:20.911] [DEBUG] Getting Storybook info...
[11:38:20.916] [DEBUG] Loading main config...
[11:38:21.402] [DEBUG] Getting stories paths...
[11:38:21.424] [DEBUG] Getting package manager...
[11:38:22.173] [DEBUG] Getting Storybook version...
[11:38:22.175] [DEBUG] /.storybook - Validating before version... 8.6.9
[11:38:22.175] [DEBUG] /.storybook - Validating upgrade compatibility...
[11:38:22.176] [DEBUG] /.storybook - Fetching NPM version information...
[11:38:22.176] [DEBUG] Getting CLI versions from NPM for storybook...
[11:38:22.178] [DEBUG] Getting CLI versions from NPM for storybook@next...
[11:38:23.204] [DEBUG] /.storybook - Evaluating blockers...
[11:38:23.222] [DEBUG] Getting installed version for @storybook/experimental-addon-test...
[11:38:24.395] [INFO] detect-projects-spinner-stop: 1 project detected
[11:38:24.396] [DEBUG] Found 1 valid projects and 0 error projects
[11:38:24.396] [INFO] Upgrading from 8.6.9 to 10.0.8
[11:38:24.413] [INFO] upgrade-dependencies-task-start: Fetching versions to update package.json files..
[11:38:24.413] [DEBUG] Updating dependencies in /.storybook...
[11:38:24.429] [INFO] upgrade-dependencies-task: /package.json
[11:38:24.430] [DEBUG] Getting CLI versions from NPM for @chromatic-com/storybook...
[11:38:25.171] [DEBUG] {
  "upgradedDependencies": []
}
[11:38:25.171] [DEBUG] {
  "upgradedDevDependencies": [
    "@storybook/addon-links@^10.0.8",
    "@storybook/nextjs@^10.0.8",
    "@storybook/react@^10.0.8",
    "eslint-plugin-storybook@^10.0.8",
    "storybook@^10.0.8",
    "@chromatic-com/storybook@^4.1.3"
  ]
}
[11:38:25.171] [DEBUG] {
  "upgradedPeerDependencies": []
}
[11:38:25.173] [DEBUG] Getting CLI versions from NPM for @storybook/addon-links...
[11:38:26.132] [DEBUG] Getting CLI versions from NPM for @storybook/nextjs...
[11:38:27.142] [DEBUG] Getting CLI versions from NPM for @storybook/react...
[11:38:27.914] [DEBUG] Getting CLI versions from NPM for eslint-plugin-storybook...
[11:38:28.615] [DEBUG] Using cached version for storybook...
[11:38:28.615] [DEBUG] Using cached version for @chromatic-com/storybook...
[11:38:28.615] [INFO] upgrade-dependencies-task-success: Updated package versions in package.json files
[11:38:28.616] [INFO] detect-automigrations-task-start: Detecting automigrations...
[11:38:28.616] [DEBUG] Starting automigration collection across 1 projects and 18 fixes...
[11:38:28.630] [INFO] detect-automigrations-task: Checking automigrations for /.storybook...
[11:38:28.630] [DEBUG] Processing project: /.storybook
[11:38:28.630] [DEBUG] Checking fix eslintPlugin for project /.storybook...
[11:38:28.631] [DEBUG] Checking fix addon-mdx-gfm-remove for project /.storybook...
[11:38:28.632] [DEBUG] Checking fix addon-storysource-code-panel for project /.storybook...
[11:38:28.632] [DEBUG] Checking fix upgrade-storybook-related-dependencies for project /.storybook...
[11:38:28.632] [DEBUG] Checking for incompatible storybook packages...
[11:38:28.641] [DEBUG] Getting installed version for @storybook/client-logger...
[11:38:28.642] [DEBUG] Getting installed version for @storybook/addon-essentials...
[11:38:28.643] [DEBUG] Getting installed version for @storybook/addon-interactions...
[11:38:28.643] [DEBUG] Getting installed version for @storybook/addon-styling...
[11:38:28.644] [DEBUG] Getting installed version for @storybook/blocks...
[11:38:28.645] [DEBUG] Getting installed version for @storybook/test...
[11:38:28.646] [DEBUG] Getting installed version for @chromatic-com/storybook...
[11:38:32.631] [DEBUG] An issue occurred while trying to find dependencies metadata using npm.
[11:38:32.631] [DEBUG] Getting CLI versions from NPM for @storybook/addon-essentials...
[11:38:32.633] [DEBUG] An issue occurred while trying to find dependencies metadata using npm.
[11:38:32.633] [DEBUG] Getting CLI versions from NPM for @storybook/client-logger...
[11:38:32.638] [DEBUG] An issue occurred while trying to find dependencies metadata using npm.
[11:38:32.638] [DEBUG] Getting CLI versions from NPM for @storybook/blocks...
[11:38:32.640] [DEBUG] An issue occurred while trying to find dependencies metadata using npm.
[11:38:32.640] [DEBUG] Getting CLI versions from NPM for @storybook/addon-interactions...
[11:38:32.650] [DEBUG] An issue occurred while trying to find dependencies metadata using npm.
[11:38:32.650] [DEBUG] Getting CLI versions from NPM for @storybook/addon-styling...
[11:38:32.653] [DEBUG] An issue occurred while trying to find dependencies metadata using npm.
[11:38:32.653] [DEBUG] Getting CLI versions from NPM for @storybook/test...
[11:38:32.689] [DEBUG] An issue occurred while trying to find dependencies metadata using npm.
[11:38:32.689] [DEBUG] Using cached version for @chromatic-com/storybook...
[11:38:33.989] [DEBUG] Checking fix initial-globals for project /.storybook...
[11:38:34.009] [DEBUG] Checking fix addon-globals-api for project /.storybook...
[11:38:34.012] [DEBUG] Checking fix addon-a11y-addon-test for project /.storybook...
[11:38:34.012] [DEBUG] Checking fix consolidated-imports for project /.storybook...
[11:38:34.013] [DEBUG] Checking fix addon-experimental-test for project /.storybook...
[11:38:34.013] [DEBUG] Using cached installed version for @storybook/experimental-addon-test...
[11:38:34.013] [DEBUG] Checking fix rnstorybook-config for project /.storybook...
[11:38:34.013] [DEBUG] Checking fix migrate-addon-console for project /.storybook...
[11:38:34.013] [DEBUG] Checking fix remove-addon-interactions for project /.storybook...
[11:38:34.013] [DEBUG] Checking fix renderer-to-framework for project /.storybook...
[11:38:34.014] [DEBUG] Checking fix remove-essential-addons for project /.storybook...
[11:38:34.015] [DEBUG] Checking fix addon-a11y-parameters for project /.storybook...
[11:38:34.015] [DEBUG] Checking fix remove-docs-autodocs for project /.storybook...
[11:38:34.018] [DEBUG] Checking fix wrap-getAbsolutePath for project /.storybook...
[11:38:34.021] [DEBUG] Checking fix fix-faux-esm-require for project /.storybook...
[11:38:34.035] [INFO] detect-automigrations-task: 
Automigrations detected:
[11:38:34.048] [INFO] detect-automigrations-task: ✔ consolidated-imports
[11:38:34.062] [INFO] detect-automigrations-task: ✔ remove-addon-interactions
[11:38:34.078] [INFO] detect-automigrations-task: ✔ renderer-to-framework
[11:38:34.092] [INFO] detect-automigrations-task: ✔ remove-essential-addons
[11:38:34.092] [INFO] detect-automigrations-task-success: 4 automigration(s) detected
[11:45:59.287] [PROMPT] Select automigrations to run {"choice":["consolidated-imports","remove-addon-interactions","renderer-to-framework","remove-essential-addons"]}
[11:45:59.289] [INFO] automigrate-/.storybook-task-start: Running automigrations for /.storybook
[11:45:59.321] [INFO] automigrate-/.storybook-task: ✔ consolidated-imports
[11:45:59.327] [DEBUG] Uninstalling @storybook/addon-interactions
[11:45:59.328] [DEBUG] Removing '@storybook/addon-interactions' from main.js addons field.
[11:45:59.354] [INFO] automigrate-/.storybook-task: ✔ remove-addon-interactions
[11:45:59.354] [DEBUG] 
Migrating @storybook/react to @storybook/nextjs
[11:45:59.359] [DEBUG] Updating package.json files...
[11:45:59.375] [INFO] automigrate-/.storybook-task: ✔ renderer-to-framework
[11:45:59.378] [DEBUG] Uninstalling @storybook/addon-essentials
[11:45:59.378] [DEBUG] Removing '@storybook/addon-essentials' from main.js addons field.
[11:45:59.384] [DEBUG] Getting Storybook info...
[11:45:59.385] [DEBUG] Loading main config...
[11:45:59.388] [DEBUG] Getting stories paths...
[11:45:59.388] [DEBUG] Getting package manager...
[11:45:59.392] [DEBUG] Getting Storybook version...
[11:45:59.411] [INFO] automigrate-/.storybook-task: Verifying @storybook/addon-docs
[11:45:59.429] [INFO] automigrate-/.storybook-task: Installing @storybook/addon-docs@^10.0.8
[11:45:59.429] [DEBUG] Getting CLI versions from NPM for @storybook/addon-docs...
[11:46:00.630] [INFO] automigrate-/.storybook-task: Adding '@storybook/addon-docs' to the "addons" field in
/Users/nin/GitHub/system/base-UI/.storybook/main.ts
[11:46:00.661] [INFO] automigrate-/.storybook-task: ✔ remove-essential-addons
[11:46:00.661] [INFO] automigrate-/.storybook-task-success: Completed automigrations for /.storybook
[11:46:00.661] [INFO] Installing dependencies...
[11:46:00.661] [INFO] install-dependencies-task-start: Installing dependencies...
[11:46:33.509] [INFO] added 17 packages, removed 57 packages, changed 43 packages, and audited 1102 packages in 33s
[11:46:33.530] [INFO] install-dependencies-task: added 17 packages, removed 57 packages, changed 43 packages, and
audited 1102 packages in 33s
[11:46:33.531] [INFO] 245 packages are looking for funding
  run `npm fund` for details
[11:46:33.552] [INFO] install-dependencies-task: 245 packages are looking for funding
run `npm fund` for details
[11:46:33.655] [INFO] 8 vulnerabilities (1 low, 2 moderate, 3 high, 2 critical)

To address issues that do not require attention, run:
  npm audit fix

To address all issues (including breaking changes), run:
  npm audit fix --force

Run `npm audit` for details.
[11:46:33.679] [INFO] install-dependencies-task: 8 vulnerabilities (1 low, 2 moderate, 3 high, 2 critical)

To address issues that do not require attention, run:
npm audit fix

To address all issues (including breaking changes), run:
npm audit fix --force

Run `npm audit` for details.
[11:46:33.716] [INFO] Dependencies installed
[11:46:33.716] [INFO] install-dependencies-task-success: Dependencies installed
[11:46:33.719] [INFO] Checking the health of your project(s)..
[11:46:35.635] [WARN] /.storybook: 1 issue found
[11:46:35.654] [INFO] You are currently using Storybook 10.0.8 but you have packages which are incompatible with it:

- @storybook/addon-styling@2.0.0 which depends on ^7.0.2

Please consider updating your packages or contacting the maintainers for compatibility details.

For more on Storybook 9 compatibility, see the linked GitHub issue:
https://github.com/storybookjs/storybook/issues/30944
[11:46:35.654] [INFO] Incompatible Packages
[11:46:35.668] [INFO] You are currently using Storybook 10.0.8 but you have packages which are incompatible with it:

- @storybook/addon-styling@2.0.0 which depends on ^7.0.2

Please consider updating your packages or contacting the maintainers for compatibility details.

For more on Storybook 9 compatibility, see the linked GitHub issue:
https://github.com/storybookjs/storybook/issues/30944
[11:46:35.685] [INFO] Storybook doctor is complete!
[11:46:35.705] [INFO] You can always recheck the health of your project(s) by running:
npx storybook doctor
[11:46:35.727] [INFO] The upgrade is complete!
[11:46:35.751] [INFO] Your project(s) have been upgraded successfully, but some issues were found which need your attention, please check Storybook doctor logs above.
[11:46:35.867] [INFO] If you want to learn more about the automigrations that executed in your project(s), please check the following links:

• consolidated-imports
• remove-addon-interactions
• renderer-to-framework
• remove-essential-addons
[11:46:35.890] [INFO] For a full list of changes, please check our migration guide: https://storybook.js.org/docs/releases/migration-guide?ref=upgrade
[11:46:35.915] [INFO] Attention: Storybook now collects completely anonymous telemetry regarding usage. This information is used to shape Storybook's roadmap and prioritize features.
[11:46:35.939] [INFO] You can learn more, including how to opt-out if you'd not like to participate in this anonymous program, by visiting the following URL:
[11:46:35.963] [INFO] https://storybook.js.org/telemetry
[11:46:35.987] [INFO] 